{"C:\\Users\\IIITB\\Downloads\\iot-fuzz-examples\\Smart_Agriculture\\iotRuleEngine.js":{"path":"C:\\Users\\IIITB\\Downloads\\iot-fuzz-examples\\Smart_Agriculture\\iotRuleEngine.js","statementMap":{"0":{"start":{"line":1,"column":13},"end":{"line":1,"column":28}},"1":{"start":{"line":2,"column":15},"end":{"line":2,"column":52}},"2":{"start":{"line":3,"column":16},"end":{"line":3,"column":50}},"3":{"start":{"line":5,"column":0},"end":{"line":8,"column":3}},"4":{"start":{"line":6,"column":2},"end":{"line":6,"column":40}},"5":{"start":{"line":7,"column":2},"end":{"line":7,"column":72}},"6":{"start":{"line":10,"column":0},"end":{"line":21,"column":3}},"7":{"start":{"line":11,"column":2},"end":{"line":20,"column":3}},"8":{"start":{"line":12,"column":19},"end":{"line":12,"column":49}},"9":{"start":{"line":13,"column":4},"end":{"line":13,"column":50}},"10":{"start":{"line":15,"column":21},"end":{"line":15,"column":50}},"11":{"start":{"line":16,"column":4},"end":{"line":16,"column":46}},"12":{"start":{"line":19,"column":4},"end":{"line":19,"column":53}},"13":{"start":{"line":25,"column":0},"end":{"line":40,"column":3}},"14":{"start":{"line":26,"column":21},"end":{"line":26,"column":25}},"15":{"start":{"line":28,"column":4},"end":{"line":31,"column":14}},"16":{"start":{"line":29,"column":23},"end":{"line":29,"column":53}},"17":{"start":{"line":30,"column":8},"end":{"line":30,"column":62}},"18":{"start":{"line":30,"column":31},"end":{"line":30,"column":62}},"19":{"start":{"line":33,"column":4},"end":{"line":39,"column":5}},"20":{"start":{"line":34,"column":24},"end":{"line":37,"column":10}},"21":{"start":{"line":38,"column":8},"end":{"line":38,"column":58}}},"fnMap":{"0":{"name":"(anonymous_0)","decl":{"start":{"line":5,"column":21},"end":{"line":5,"column":22}},"loc":{"start":{"line":5,"column":27},"end":{"line":8,"column":1}},"line":5},"1":{"name":"(anonymous_1)","decl":{"start":{"line":10,"column":21},"end":{"line":10,"column":22}},"loc":{"start":{"line":10,"column":47},"end":{"line":21,"column":1}},"line":10},"2":{"name":"(anonymous_2)","decl":{"start":{"line":25,"column":21},"end":{"line":25,"column":22}},"loc":{"start":{"line":25,"column":41},"end":{"line":40,"column":1}},"line":25}},"branchMap":{"0":{"loc":{"start":{"line":30,"column":8},"end":{"line":30,"column":62}},"type":"if","locations":[{"start":{"line":30,"column":8},"end":{"line":30,"column":62}},{"start":{},"end":{}}],"line":30},"1":{"loc":{"start":{"line":33,"column":4},"end":{"line":39,"column":5}},"type":"if","locations":[{"start":{"line":33,"column":4},"end":{"line":39,"column":5}},{"start":{},"end":{}}],"line":33},"2":{"loc":{"start":{"line":33,"column":8},"end":{"line":33,"column":50}},"type":"binary-expr","locations":[{"start":{"line":33,"column":8},"end":{"line":33,"column":27}},{"start":{"line":33,"column":31},"end":{"line":33,"column":50}}],"line":33}},"s":{"0":1,"1":1,"2":1,"3":1,"4":1,"5":1,"6":1,"7":1036,"8":1036,"9":1036,"10":1036,"11":1035,"12":0,"13":1,"14":1036,"15":1036,"16":1036,"17":1036,"18":1035,"19":1036,"20":1035,"21":1034},"f":{"0":1,"1":1036,"2":1036},"b":{"0":[1035,1],"1":[1035,1],"2":[1036,1036]},"_coverageSchema":"1a1c01bbd47fc00a2c39e90264f33305004495a9","hash":"0190457b9e61071f2e1e6f8a57d54105f4bc202a"},"C:\\Users\\IIITB\\Downloads\\iot-fuzz-examples\\Smart_Agriculture\\lambdaDecisionMaker.js":{"path":"C:\\Users\\IIITB\\Downloads\\iot-fuzz-examples\\Smart_Agriculture\\lambdaDecisionMaker.js","statementMap":{"0":{"start":{"line":1,"column":0},"end":{"line":30,"column":2}},"1":{"start":{"line":2,"column":21},"end":{"line":2,"column":41}},"2":{"start":{"line":4,"column":2},"end":{"line":4,"column":46}},"3":{"start":{"line":7,"column":2},"end":{"line":18,"column":3}},"4":{"start":{"line":8,"column":4},"end":{"line":8,"column":53}},"5":{"start":{"line":10,"column":7},"end":{"line":18,"column":3}},"6":{"start":{"line":11,"column":4},"end":{"line":11,"column":71}},"7":{"start":{"line":13,"column":7},"end":{"line":18,"column":3}},"8":{"start":{"line":14,"column":4},"end":{"line":14,"column":66}},"9":{"start":{"line":17,"column":4},"end":{"line":17,"column":58}},"10":{"start":{"line":21,"column":2},"end":{"line":21,"column":60}},"11":{"start":{"line":23,"column":2},"end":{"line":29,"column":4}}},"fnMap":{"0":{"name":"(anonymous_0)","decl":{"start":{"line":1,"column":18},"end":{"line":1,"column":19}},"loc":{"start":{"line":1,"column":35},"end":{"line":30,"column":1}},"line":1}},"branchMap":{"0":{"loc":{"start":{"line":7,"column":2},"end":{"line":18,"column":3}},"type":"if","locations":[{"start":{"line":7,"column":2},"end":{"line":18,"column":3}},{"start":{"line":10,"column":7},"end":{"line":18,"column":3}}],"line":7},"1":{"loc":{"start":{"line":7,"column":6},"end":{"line":7,"column":70}},"type":"binary-expr","locations":[{"start":{"line":7,"column":6},"end":{"line":7,"column":34}},{"start":{"line":7,"column":38},"end":{"line":7,"column":70}}],"line":7},"2":{"loc":{"start":{"line":10,"column":7},"end":{"line":18,"column":3}},"type":"if","locations":[{"start":{"line":10,"column":7},"end":{"line":18,"column":3}},{"start":{"line":13,"column":7},"end":{"line":18,"column":3}}],"line":10},"3":{"loc":{"start":{"line":10,"column":11},"end":{"line":10,"column":66}},"type":"binary-expr","locations":[{"start":{"line":10,"column":11},"end":{"line":10,"column":38}},{"start":{"line":10,"column":42},"end":{"line":10,"column":66}}],"line":10},"4":{"loc":{"start":{"line":13,"column":7},"end":{"line":18,"column":3}},"type":"if","locations":[{"start":{"line":13,"column":7},"end":{"line":18,"column":3}},{"start":{"line":16,"column":7},"end":{"line":18,"column":3}}],"line":13},"5":{"loc":{"start":{"line":27,"column":15},"end":{"line":27,"column":78}},"type":"binary-expr","locations":[{"start":{"line":27,"column":15},"end":{"line":27,"column":42}},{"start":{"line":27,"column":46},"end":{"line":27,"column":78}}],"line":27}},"s":{"0":1,"1":1036,"2":1036,"3":1036,"4":0,"5":1036,"6":312,"7":724,"8":0,"9":724,"10":1036,"11":1036},"f":{"0":1036},"b":{"0":[0,1036],"1":[1036,414],"2":[312,724],"3":[1036,774],"4":[0,724],"5":[1036,258]},"_coverageSchema":"1a1c01bbd47fc00a2c39e90264f33305004495a9","hash":"1fc661d470705c1f7d00bed34b0ffd6aa632ee2f"}}