{"C:\\Users\\IIITB\\Downloads\\iot-fuzz-examples\\Multiple-lambdas\\temperature.js":{"path":"C:\\Users\\IIITB\\Downloads\\iot-fuzz-examples\\Multiple-lambdas\\temperature.js","statementMap":{"0":{"start":{"line":1,"column":13},"end":{"line":1,"column":28}},"1":{"start":{"line":3,"column":15},"end":{"line":3,"column":52}},"2":{"start":{"line":5,"column":0},"end":{"line":8,"column":3}},"3":{"start":{"line":6,"column":4},"end":{"line":6,"column":48}},"4":{"start":{"line":7,"column":4},"end":{"line":7,"column":43}},"5":{"start":{"line":10,"column":0},"end":{"line":41,"column":3}},"6":{"start":{"line":11,"column":4},"end":{"line":11,"column":47}},"7":{"start":{"line":11,"column":40},"end":{"line":11,"column":47}},"8":{"start":{"line":13,"column":4},"end":{"line":40,"column":5}},"9":{"start":{"line":14,"column":23},"end":{"line":14,"column":53}},"10":{"start":{"line":15,"column":8},"end":{"line":15,"column":53}},"11":{"start":{"line":17,"column":21},"end":{"line":17,"column":45}},"12":{"start":{"line":18,"column":27},"end":{"line":18,"column":44}},"13":{"start":{"line":20,"column":8},"end":{"line":36,"column":9}},"14":{"start":{"line":21,"column":30},"end":{"line":25,"column":13}},"15":{"start":{"line":26,"column":12},"end":{"line":26,"column":68}},"16":{"start":{"line":27,"column":12},"end":{"line":27,"column":47}},"17":{"start":{"line":28,"column":15},"end":{"line":36,"column":9}},"18":{"start":{"line":29,"column":30},"end":{"line":33,"column":13}},"19":{"start":{"line":34,"column":12},"end":{"line":34,"column":68}},"20":{"start":{"line":35,"column":12},"end":{"line":35,"column":48}},"21":{"start":{"line":39,"column":8},"end":{"line":39,"column":73}},"22":{"start":{"line":43,"column":0},"end":{"line":45,"column":3}},"23":{"start":{"line":44,"column":4},"end":{"line":44,"column":60}},"24":{"start":{"line":49,"column":0},"end":{"line":64,"column":3}},"25":{"start":{"line":50,"column":21},"end":{"line":50,"column":25}},"26":{"start":{"line":52,"column":4},"end":{"line":55,"column":14}},"27":{"start":{"line":53,"column":23},"end":{"line":53,"column":53}},"28":{"start":{"line":54,"column":8},"end":{"line":54,"column":62}},"29":{"start":{"line":54,"column":31},"end":{"line":54,"column":62}},"30":{"start":{"line":57,"column":4},"end":{"line":63,"column":5}},"31":{"start":{"line":58,"column":24},"end":{"line":61,"column":10}},"32":{"start":{"line":62,"column":8},"end":{"line":62,"column":56}}},"fnMap":{"0":{"name":"(anonymous_0)","decl":{"start":{"line":5,"column":21},"end":{"line":5,"column":22}},"loc":{"start":{"line":5,"column":27},"end":{"line":8,"column":1}},"line":5},"1":{"name":"(anonymous_1)","decl":{"start":{"line":10,"column":21},"end":{"line":10,"column":22}},"loc":{"start":{"line":10,"column":41},"end":{"line":41,"column":1}},"line":10},"2":{"name":"(anonymous_2)","decl":{"start":{"line":43,"column":19},"end":{"line":43,"column":20}},"loc":{"start":{"line":43,"column":28},"end":{"line":45,"column":1}},"line":43},"3":{"name":"(anonymous_3)","decl":{"start":{"line":49,"column":21},"end":{"line":49,"column":22}},"loc":{"start":{"line":49,"column":41},"end":{"line":64,"column":1}},"line":49}},"branchMap":{"0":{"loc":{"start":{"line":11,"column":4},"end":{"line":11,"column":47}},"type":"if","locations":[{"start":{"line":11,"column":4},"end":{"line":11,"column":47}},{"start":{},"end":{}}],"line":11},"1":{"loc":{"start":{"line":20,"column":8},"end":{"line":36,"column":9}},"type":"if","locations":[{"start":{"line":20,"column":8},"end":{"line":36,"column":9}},{"start":{"line":28,"column":15},"end":{"line":36,"column":9}}],"line":20},"2":{"loc":{"start":{"line":28,"column":15},"end":{"line":36,"column":9}},"type":"if","locations":[{"start":{"line":28,"column":15},"end":{"line":36,"column":9}},{"start":{},"end":{}}],"line":28},"3":{"loc":{"start":{"line":54,"column":8},"end":{"line":54,"column":62}},"type":"if","locations":[{"start":{"line":54,"column":8},"end":{"line":54,"column":62}},{"start":{},"end":{}}],"line":54},"4":{"loc":{"start":{"line":57,"column":4},"end":{"line":63,"column":5}},"type":"if","locations":[{"start":{"line":57,"column":4},"end":{"line":63,"column":5}},{"start":{},"end":{}}],"line":57},"5":{"loc":{"start":{"line":57,"column":8},"end":{"line":57,"column":50}},"type":"binary-expr","locations":[{"start":{"line":57,"column":8},"end":{"line":57,"column":27}},{"start":{"line":57,"column":31},"end":{"line":57,"column":50}}],"line":57}},"s":{"0":1,"1":1,"2":1,"3":1,"4":1,"5":1,"6":3008,"7":0,"8":3008,"9":3008,"10":3008,"11":3008,"12":3008,"13":3008,"14":2038,"15":2038,"16":2038,"17":970,"18":964,"19":964,"20":964,"21":0,"22":1,"23":0,"24":1,"25":3008,"26":3008,"27":3008,"28":3008,"29":3007,"30":3008,"31":3007,"32":3006},"f":{"0":1,"1":3008,"2":0,"3":3008},"b":{"0":[0,3008],"1":[2038,970],"2":[964,6],"3":[3007,1],"4":[3007,1],"5":[3008,3008]},"_coverageSchema":"1a1c01bbd47fc00a2c39e90264f33305004495a9","hash":"e6cc094e1e34468d8bc8fb577cbb1d58cebde59e"},"C:\\Users\\IIITB\\Downloads\\iot-fuzz-examples\\Multiple-lambdas\\humidity.js":{"path":"C:\\Users\\IIITB\\Downloads\\iot-fuzz-examples\\Multiple-lambdas\\humidity.js","statementMap":{"0":{"start":{"line":1,"column":13},"end":{"line":1,"column":28}},"1":{"start":{"line":2,"column":17},"end":{"line":2,"column":36}},"2":{"start":{"line":4,"column":0},"end":{"line":6,"column":65}},"3":{"start":{"line":5,"column":14},"end":{"line":5,"column":55}},"4":{"start":{"line":6,"column":16},"end":{"line":6,"column":63}},"5":{"start":{"line":8,"column":24},"end":{"line":15,"column":2}},"6":{"start":{"line":17,"column":18},"end":{"line":17,"column":62}},"7":{"start":{"line":19,"column":0},"end":{"line":19,"column":31}},"8":{"start":{"line":21,"column":15},"end":{"line":21,"column":52}},"9":{"start":{"line":23,"column":0},"end":{"line":26,"column":3}},"10":{"start":{"line":24,"column":4},"end":{"line":24,"column":45}},"11":{"start":{"line":25,"column":4},"end":{"line":25,"column":40}},"12":{"start":{"line":28,"column":0},"end":{"line":54,"column":3}},"13":{"start":{"line":29,"column":4},"end":{"line":29,"column":44}},"14":{"start":{"line":29,"column":37},"end":{"line":29,"column":44}},"15":{"start":{"line":31,"column":4},"end":{"line":53,"column":5}},"16":{"start":{"line":32,"column":23},"end":{"line":32,"column":53}},"17":{"start":{"line":33,"column":8},"end":{"line":33,"column":50}},"18":{"start":{"line":35,"column":25},"end":{"line":35,"column":49}},"19":{"start":{"line":36,"column":27},"end":{"line":36,"column":44}},"20":{"start":{"line":38,"column":8},"end":{"line":49,"column":9}},"21":{"start":{"line":39,"column":24},"end":{"line":45,"column":14}},"22":{"start":{"line":47,"column":12},"end":{"line":47,"column":29}},"23":{"start":{"line":48,"column":12},"end":{"line":48,"column":65}},"24":{"start":{"line":52,"column":8},"end":{"line":52,"column":49}},"25":{"start":{"line":58,"column":0},"end":{"line":73,"column":3}},"26":{"start":{"line":59,"column":21},"end":{"line":59,"column":25}},"27":{"start":{"line":61,"column":4},"end":{"line":64,"column":14}},"28":{"start":{"line":62,"column":23},"end":{"line":62,"column":53}},"29":{"start":{"line":63,"column":8},"end":{"line":63,"column":62}},"30":{"start":{"line":63,"column":31},"end":{"line":63,"column":62}},"31":{"start":{"line":66,"column":4},"end":{"line":72,"column":5}},"32":{"start":{"line":67,"column":24},"end":{"line":70,"column":10}},"33":{"start":{"line":71,"column":8},"end":{"line":71,"column":53}}},"fnMap":{"0":{"name":"(anonymous_0)","decl":{"start":{"line":5,"column":8},"end":{"line":5,"column":9}},"loc":{"start":{"line":5,"column":14},"end":{"line":5,"column":55}},"line":5},"1":{"name":"(anonymous_1)","decl":{"start":{"line":6,"column":9},"end":{"line":6,"column":10}},"loc":{"start":{"line":6,"column":16},"end":{"line":6,"column":63}},"line":6},"2":{"name":"(anonymous_2)","decl":{"start":{"line":23,"column":21},"end":{"line":23,"column":22}},"loc":{"start":{"line":23,"column":27},"end":{"line":26,"column":1}},"line":23},"3":{"name":"(anonymous_3)","decl":{"start":{"line":28,"column":21},"end":{"line":28,"column":22}},"loc":{"start":{"line":28,"column":47},"end":{"line":54,"column":1}},"line":28},"4":{"name":"(anonymous_4)","decl":{"start":{"line":58,"column":21},"end":{"line":58,"column":22}},"loc":{"start":{"line":58,"column":41},"end":{"line":73,"column":1}},"line":58}},"branchMap":{"0":{"loc":{"start":{"line":29,"column":4},"end":{"line":29,"column":44}},"type":"if","locations":[{"start":{"line":29,"column":4},"end":{"line":29,"column":44}},{"start":{},"end":{}}],"line":29},"1":{"loc":{"start":{"line":38,"column":8},"end":{"line":49,"column":9}},"type":"if","locations":[{"start":{"line":38,"column":8},"end":{"line":49,"column":9}},{"start":{},"end":{}}],"line":38},"2":{"loc":{"start":{"line":63,"column":8},"end":{"line":63,"column":62}},"type":"if","locations":[{"start":{"line":63,"column":8},"end":{"line":63,"column":62}},{"start":{},"end":{}}],"line":63},"3":{"loc":{"start":{"line":66,"column":4},"end":{"line":72,"column":5}},"type":"if","locations":[{"start":{"line":66,"column":4},"end":{"line":72,"column":5}},{"start":{},"end":{}}],"line":66},"4":{"loc":{"start":{"line":66,"column":8},"end":{"line":66,"column":50}},"type":"binary-expr","locations":[{"start":{"line":66,"column":8},"end":{"line":66,"column":27}},{"start":{"line":66,"column":31},"end":{"line":66,"column":50}}],"line":66}},"s":{"0":1,"1":1,"2":1,"3":1,"4":0,"5":1,"6":1,"7":1,"8":1,"9":1,"10":1,"11":1,"12":1,"13":3008,"14":0,"15":3008,"16":3008,"17":3008,"18":3008,"19":3008,"20":3008,"21":1748,"22":1748,"23":779,"24":0,"25":1,"26":3008,"27":3008,"28":3008,"29":3008,"30":3007,"31":3008,"32":3007,"33":3006},"f":{"0":1,"1":0,"2":1,"3":3008,"4":3008},"b":{"0":[0,3008],"1":[1748,1260],"2":[3007,1],"3":[3007,1],"4":[3008,3008]},"_coverageSchema":"1a1c01bbd47fc00a2c39e90264f33305004495a9","hash":"99929394766bc59b954adb7ea807745e1970598a"}}