{"C:\\Users\\IIITB\\Downloads\\iot-fuzz-examples\\Health_Monitor\\iotRuleEngine.js":{"path":"C:\\Users\\IIITB\\Downloads\\iot-fuzz-examples\\Health_Monitor\\iotRuleEngine.js","statementMap":{"0":{"start":{"line":1,"column":13},"end":{"line":1,"column":28}},"1":{"start":{"line":2,"column":21},"end":{"line":2,"column":48}},"2":{"start":{"line":3,"column":24},"end":{"line":3,"column":54}},"3":{"start":{"line":6,"column":2},"end":{"line":7,"column":24}},"4":{"start":{"line":6,"column":8},"end":{"line":6,"column":31}},"5":{"start":{"line":7,"column":10},"end":{"line":7,"column":22}},"6":{"start":{"line":10,"column":15},"end":{"line":10,"column":52}},"7":{"start":{"line":12,"column":0},"end":{"line":15,"column":3}},"8":{"start":{"line":13,"column":2},"end":{"line":13,"column":39}},"9":{"start":{"line":14,"column":2},"end":{"line":14,"column":79}},"10":{"start":{"line":17,"column":0},"end":{"line":41,"column":3}},"11":{"start":{"line":18,"column":16},"end":{"line":18,"column":44}},"12":{"start":{"line":19,"column":2},"end":{"line":22,"column":3}},"13":{"start":{"line":20,"column":4},"end":{"line":20,"column":63}},"14":{"start":{"line":21,"column":4},"end":{"line":21,"column":11}},"15":{"start":{"line":25,"column":2},"end":{"line":25,"column":76}},"16":{"start":{"line":25,"column":25},"end":{"line":25,"column":76}},"17":{"start":{"line":27,"column":2},"end":{"line":32,"column":3}},"18":{"start":{"line":28,"column":4},"end":{"line":28,"column":46}},"19":{"start":{"line":29,"column":4},"end":{"line":29,"column":41}},"20":{"start":{"line":31,"column":4},"end":{"line":31,"column":41}},"21":{"start":{"line":35,"column":2},"end":{"line":40,"column":3}},"22":{"start":{"line":36,"column":4},"end":{"line":39,"column":6}}},"fnMap":{"0":{"name":"safeJSON","decl":{"start":{"line":5,"column":9},"end":{"line":5,"column":17}},"loc":{"start":{"line":5,"column":23},"end":{"line":8,"column":1}},"line":5},"1":{"name":"(anonymous_1)","decl":{"start":{"line":12,"column":21},"end":{"line":12,"column":22}},"loc":{"start":{"line":12,"column":27},"end":{"line":15,"column":1}},"line":12},"2":{"name":"(anonymous_2)","decl":{"start":{"line":17,"column":21},"end":{"line":17,"column":22}},"loc":{"start":{"line":17,"column":43},"end":{"line":41,"column":1}},"line":17}},"branchMap":{"0":{"loc":{"start":{"line":19,"column":2},"end":{"line":22,"column":3}},"type":"if","locations":[{"start":{"line":19,"column":2},"end":{"line":22,"column":3}},{"start":{},"end":{}}],"line":19},"1":{"loc":{"start":{"line":25,"column":2},"end":{"line":25,"column":76}},"type":"if","locations":[{"start":{"line":25,"column":2},"end":{"line":25,"column":76}},{"start":{},"end":{}}],"line":25},"2":{"loc":{"start":{"line":35,"column":2},"end":{"line":40,"column":3}},"type":"if","locations":[{"start":{"line":35,"column":2},"end":{"line":40,"column":3}},{"start":{},"end":{}}],"line":35}},"s":{"0":3,"1":3,"2":3,"3":2549,"4":2549,"5":0,"6":3,"7":3,"8":3,"9":3,"10":3,"11":2549,"12":2549,"13":0,"14":0,"15":2549,"16":3,"17":2549,"18":2549,"19":2548,"20":0,"21":2547,"22":2547},"f":{"0":2549,"1":3,"2":2549},"b":{"0":[0,2549],"1":[3,2546],"2":[2547,0]},"_coverageSchema":"1a1c01bbd47fc00a2c39e90264f33305004495a9","hash":"98590101ce343ad1c95f3802ca38b68e690bb7f7"},"C:\\Users\\IIITB\\Downloads\\iot-fuzz-examples\\Health_Monitor\\lambdaVitals.js":{"path":"C:\\Users\\IIITB\\Downloads\\iot-fuzz-examples\\Health_Monitor\\lambdaVitals.js","statementMap":{"0":{"start":{"line":2,"column":0},"end":{"line":20,"column":2}},"1":{"start":{"line":3,"column":20},"end":{"line":3,"column":53}},"2":{"start":{"line":5,"column":2},"end":{"line":5,"column":25}},"3":{"start":{"line":5,"column":18},"end":{"line":5,"column":25}},"4":{"start":{"line":7,"column":2},"end":{"line":11,"column":3}},"5":{"start":{"line":8,"column":16},"end":{"line":8,"column":85}},"6":{"start":{"line":9,"column":4},"end":{"line":9,"column":21}},"7":{"start":{"line":10,"column":4},"end":{"line":10,"column":56}},"8":{"start":{"line":14,"column":2},"end":{"line":19,"column":3}},"9":{"start":{"line":15,"column":4},"end":{"line":18,"column":6}}},"fnMap":{"0":{"name":"(anonymous_0)","decl":{"start":{"line":2,"column":18},"end":{"line":2,"column":19}},"loc":{"start":{"line":2,"column":47},"end":{"line":20,"column":1}},"line":2}},"branchMap":{"0":{"loc":{"start":{"line":5,"column":2},"end":{"line":5,"column":25}},"type":"if","locations":[{"start":{"line":5,"column":2},"end":{"line":5,"column":25}},{"start":{},"end":{}}],"line":5},"1":{"loc":{"start":{"line":7,"column":2},"end":{"line":11,"column":3}},"type":"if","locations":[{"start":{"line":7,"column":2},"end":{"line":11,"column":3}},{"start":{},"end":{}}],"line":7},"2":{"loc":{"start":{"line":7,"column":6},"end":{"line":7,"column":39}},"type":"binary-expr","locations":[{"start":{"line":7,"column":6},"end":{"line":7,"column":20}},{"start":{"line":7,"column":24},"end":{"line":7,"column":39}}],"line":7},"3":{"loc":{"start":{"line":14,"column":2},"end":{"line":19,"column":3}},"type":"if","locations":[{"start":{"line":14,"column":2},"end":{"line":19,"column":3}},{"start":{},"end":{}}],"line":14}},"s":{"0":3,"1":2549,"2":2549,"3":0,"4":2549,"5":1659,"6":1659,"7":1659,"8":2549,"9":2549},"f":{"0":2549},"b":{"0":[0,2549],"1":[1659,890],"2":[2549,1742],"3":[2549,0]},"_coverageSchema":"1a1c01bbd47fc00a2c39e90264f33305004495a9","hash":"cb39883e41974ae95fc15358070ed2331a66fc01"},"C:\\Users\\IIITB\\Downloads\\iot-fuzz-examples\\Health_Monitor\\lambdaInventory.js":{"path":"C:\\Users\\IIITB\\Downloads\\iot-fuzz-examples\\Health_Monitor\\lambdaInventory.js","statementMap":{"0":{"start":{"line":1,"column":13},"end":{"line":1,"column":28}},"1":{"start":{"line":2,"column":15},"end":{"line":2,"column":52}},"2":{"start":{"line":4,"column":0},"end":{"line":26,"column":2}},"3":{"start":{"line":5,"column":2},"end":{"line":17,"column":3}},"4":{"start":{"line":6,"column":25},"end":{"line":6,"column":61}},"5":{"start":{"line":8,"column":4},"end":{"line":11,"column":5}},"6":{"start":{"line":9,"column":6},"end":{"line":9,"column":60}},"7":{"start":{"line":10,"column":6},"end":{"line":10,"column":13}},"8":{"start":{"line":16,"column":4},"end":{"line":16,"column":57}},"9":{"start":{"line":20,"column":2},"end":{"line":25,"column":3}},"10":{"start":{"line":21,"column":4},"end":{"line":24,"column":6}}},"fnMap":{"0":{"name":"(anonymous_0)","decl":{"start":{"line":4,"column":18},"end":{"line":4,"column":19}},"loc":{"start":{"line":4,"column":35},"end":{"line":26,"column":1}},"line":4}},"branchMap":{"0":{"loc":{"start":{"line":8,"column":4},"end":{"line":11,"column":5}},"type":"if","locations":[{"start":{"line":8,"column":4},"end":{"line":11,"column":5}},{"start":{},"end":{}}],"line":8},"1":{"loc":{"start":{"line":20,"column":2},"end":{"line":25,"column":3}},"type":"if","locations":[{"start":{"line":20,"column":2},"end":{"line":25,"column":3}},{"start":{},"end":{}}],"line":20}},"s":{"0":3,"1":3,"2":3,"3":2548,"4":2548,"5":2548,"6":1708,"7":1708,"8":0,"9":840,"10":840},"f":{"0":2548},"b":{"0":[1708,840],"1":[840,0]},"_coverageSchema":"1a1c01bbd47fc00a2c39e90264f33305004495a9","hash":"8525a9e1ec361dfffd06f13e0f8d9b4890ba09e1"}}