{"C:\\Users\\IIITB\\Downloads\\iot-fuzz-examples\\Trivial-IoT\\controller.js":{"path":"C:\\Users\\IIITB\\Downloads\\iot-fuzz-examples\\Trivial-IoT\\controller.js","statementMap":{"0":{"start":{"line":1,"column":13},"end":{"line":1,"column":28}},"1":{"start":{"line":3,"column":18},"end":{"line":3,"column":41}},"2":{"start":{"line":4,"column":15},"end":{"line":4,"column":38}},"3":{"start":{"line":6,"column":30},"end":{"line":6,"column":32}},"4":{"start":{"line":7,"column":29},"end":{"line":7,"column":30}},"5":{"start":{"line":9,"column":0},"end":{"line":19,"column":3}},"6":{"start":{"line":10,"column":2},"end":{"line":10,"column":48}},"7":{"start":{"line":12,"column":2},"end":{"line":18,"column":5}},"8":{"start":{"line":13,"column":4},"end":{"line":17,"column":5}},"9":{"start":{"line":14,"column":6},"end":{"line":14,"column":59}},"10":{"start":{"line":16,"column":6},"end":{"line":16,"column":54}},"11":{"start":{"line":21,"column":0},"end":{"line":54,"column":3}},"12":{"start":{"line":22,"column":2},"end":{"line":53,"column":3}},"13":{"start":{"line":23,"column":20},"end":{"line":23,"column":50}},"14":{"start":{"line":24,"column":48},"end":{"line":24,"column":55}},"15":{"start":{"line":26,"column":4},"end":{"line":26,"column":48}},"16":{"start":{"line":28,"column":14},"end":{"line":28,"column":18}},"17":{"start":{"line":30,"column":4},"end":{"line":44,"column":5}},"18":{"start":{"line":31,"column":6},"end":{"line":35,"column":8}},"19":{"start":{"line":36,"column":11},"end":{"line":44,"column":5}},"20":{"start":{"line":37,"column":6},"end":{"line":41,"column":8}},"21":{"start":{"line":43,"column":6},"end":{"line":43,"column":80}},"22":{"start":{"line":46,"column":4},"end":{"line":50,"column":5}},"23":{"start":{"line":47,"column":27},"end":{"line":47,"column":59}},"24":{"start":{"line":48,"column":6},"end":{"line":48,"column":56}},"25":{"start":{"line":49,"column":6},"end":{"line":49,"column":48}},"26":{"start":{"line":52,"column":4},"end":{"line":52,"column":82}},"27":{"start":{"line":56,"column":0},"end":{"line":58,"column":3}},"28":{"start":{"line":57,"column":2},"end":{"line":57,"column":49}},"29":{"start":{"line":62,"column":0},"end":{"line":77,"column":3}},"30":{"start":{"line":63,"column":21},"end":{"line":63,"column":25}},"31":{"start":{"line":65,"column":4},"end":{"line":68,"column":14}},"32":{"start":{"line":66,"column":23},"end":{"line":66,"column":53}},"33":{"start":{"line":67,"column":8},"end":{"line":67,"column":62}},"34":{"start":{"line":67,"column":31},"end":{"line":67,"column":62}},"35":{"start":{"line":70,"column":4},"end":{"line":76,"column":5}},"36":{"start":{"line":71,"column":24},"end":{"line":74,"column":10}},"37":{"start":{"line":75,"column":8},"end":{"line":75,"column":55}}},"fnMap":{"0":{"name":"(anonymous_0)","decl":{"start":{"line":9,"column":21},"end":{"line":9,"column":22}},"loc":{"start":{"line":9,"column":27},"end":{"line":19,"column":1}},"line":9},"1":{"name":"(anonymous_1)","decl":{"start":{"line":12,"column":45},"end":{"line":12,"column":46}},"loc":{"start":{"line":12,"column":54},"end":{"line":18,"column":3}},"line":12},"2":{"name":"(anonymous_2)","decl":{"start":{"line":21,"column":21},"end":{"line":21,"column":22}},"loc":{"start":{"line":21,"column":41},"end":{"line":54,"column":1}},"line":21},"3":{"name":"(anonymous_3)","decl":{"start":{"line":56,"column":19},"end":{"line":56,"column":20}},"loc":{"start":{"line":56,"column":28},"end":{"line":58,"column":1}},"line":56},"4":{"name":"(anonymous_4)","decl":{"start":{"line":62,"column":21},"end":{"line":62,"column":22}},"loc":{"start":{"line":62,"column":41},"end":{"line":77,"column":1}},"line":62}},"branchMap":{"0":{"loc":{"start":{"line":13,"column":4},"end":{"line":17,"column":5}},"type":"if","locations":[{"start":{"line":13,"column":4},"end":{"line":17,"column":5}},{"start":{"line":15,"column":11},"end":{"line":17,"column":5}}],"line":13},"1":{"loc":{"start":{"line":30,"column":4},"end":{"line":44,"column":5}},"type":"if","locations":[{"start":{"line":30,"column":4},"end":{"line":44,"column":5}},{"start":{"line":36,"column":11},"end":{"line":44,"column":5}}],"line":30},"2":{"loc":{"start":{"line":36,"column":11},"end":{"line":44,"column":5}},"type":"if","locations":[{"start":{"line":36,"column":11},"end":{"line":44,"column":5}},{"start":{"line":42,"column":11},"end":{"line":44,"column":5}}],"line":36},"3":{"loc":{"start":{"line":46,"column":4},"end":{"line":50,"column":5}},"type":"if","locations":[{"start":{"line":46,"column":4},"end":{"line":50,"column":5}},{"start":{},"end":{}}],"line":46},"4":{"loc":{"start":{"line":67,"column":8},"end":{"line":67,"column":62}},"type":"if","locations":[{"start":{"line":67,"column":8},"end":{"line":67,"column":62}},{"start":{},"end":{}}],"line":67},"5":{"loc":{"start":{"line":70,"column":4},"end":{"line":76,"column":5}},"type":"if","locations":[{"start":{"line":70,"column":4},"end":{"line":76,"column":5}},{"start":{},"end":{}}],"line":70},"6":{"loc":{"start":{"line":70,"column":8},"end":{"line":70,"column":50}},"type":"binary-expr","locations":[{"start":{"line":70,"column":8},"end":{"line":70,"column":27}},{"start":{"line":70,"column":31},"end":{"line":70,"column":50}}],"line":70}},"s":{"0":1,"1":1,"2":1,"3":1,"4":1,"5":1,"6":1,"7":1,"8":1,"9":0,"10":1,"11":1,"12":175,"13":175,"14":175,"15":175,"16":175,"17":175,"18":132,"19":43,"20":35,"21":8,"22":175,"23":167,"24":167,"25":167,"26":0,"27":1,"28":0,"29":1,"30":175,"31":175,"32":175,"33":175,"34":174,"35":175,"36":174,"37":173},"f":{"0":1,"1":1,"2":175,"3":0,"4":175},"b":{"0":[0,1],"1":[132,43],"2":[35,8],"3":[167,8],"4":[174,1],"5":[174,1],"6":[175,175]},"_coverageSchema":"1a1c01bbd47fc00a2c39e90264f33305004495a9","hash":"aa877af854bb477a4efcc5ea6d451f794c13934a"}}